[05:08:22] [main/INFO]: Loading Minecraft 1.21 with Fabric Loader 0.16.3
[05:08:22] [main/INFO]: Loading 4 mods:
	- fabricloader 0.16.3
	   \-- mixinextras 0.4.1
	- java 21
	- minecraft 1.21
[05:08:22] [main/INFO]: SpongePowered MIXIN Subsystem Version=0.8.7 Source=file:/workspaces/minecraftsever/servidor_minecraft/libraries/net/fabricmc/sponge-mixin/0.15.2+mixin.0.8.7/sponge-mixin-0.15.2+mixin.0.8.7.jar Service=Knot/Fabric Env=SERVER
[05:08:27] [main/INFO]: Environment: Environment[sessionHost=https://sessionserver.mojang.com, servicesHost=https://api.minecraftservices.com, name=PROD]
[05:08:28] [main/INFO]: No existing world data, creating new world
[05:08:29] [main/INFO]: Loaded 1290 recipes
[05:08:29] [main/INFO]: Loaded 1399 advancements
[05:08:30] [Server thread/INFO]: Starting minecraft server version 1.21
[05:08:30] [Server thread/INFO]: Loading properties
[05:08:30] [Server thread/INFO]: Default game type: SURVIVAL
[05:08:30] [Server thread/INFO]: Generating keypair
[05:08:30] [Server thread/INFO]: Starting Minecraft server on *:25565
[05:08:30] [Server thread/INFO]: Using epoll channel type
[05:08:30] [Server thread/WARN]: **** SERVER IS RUNNING IN OFFLINE/INSECURE MODE!
[05:08:30] [Server thread/WARN]: The server will make no attempt to authenticate usernames. Beware.
[05:08:30] [Server thread/WARN]: While this makes the game possible to play without internet access, it also opens up the ability for hackers to connect with any username they choose.
[05:08:30] [Server thread/WARN]: To change this, set "online-mode" to "true" in the server.properties file.
[05:08:30] [Server thread/INFO]: Preparing level "world"
[05:08:35] [Server thread/INFO]: Preparing start region for dimension minecraft:overworld
[05:08:35] [Worker-Main-3/INFO]: Preparing spawn area: 2%
[05:08:36] [Worker-Main-3/INFO]: Preparing spawn area: 2%
[05:08:36] [Worker-Main-2/INFO]: Preparing spawn area: 2%
[05:08:37] [Worker-Main-3/INFO]: Preparing spawn area: 2%
[05:08:37] [Worker-Main-1/INFO]: Preparing spawn area: 18%
[05:08:38] [Worker-Main-1/INFO]: Preparing spawn area: 18%
[05:08:38] [Worker-Main-2/INFO]: Preparing spawn area: 18%
[05:08:39] [Worker-Main-3/INFO]: Preparing spawn area: 51%
[05:08:39] [Worker-Main-3/INFO]: Preparing spawn area: 51%
[05:08:40] [Worker-Main-2/INFO]: Preparing spawn area: 51%
[05:08:40] [Worker-Main-1/INFO]: Preparing spawn area: 51%
[05:08:41] [Server thread/INFO]: Time elapsed: 5283 ms
[05:08:41] [Server thread/INFO]: Done (10.530s)! For help, type "help"
[05:13:19] [Server thread/INFO]: Made _iBlacKing_ a server operator
[05:19:59] [Server thread/INFO]: Juancho134565[/127.223.48.122:45655] logged in with entity id 39 at (-0.5, 83.0, -7.5)
[05:19:59] [Server thread/INFO]: Juancho134565 joined the game
[05:20:21] [Server thread/WARN]: Mismatch in destroy block pos: class_2338{x=0, y=0, z=0} class_2338{x=-2, y=80, z=-10}
[05:20:23] [Server thread/WARN]: Mismatch in destroy block pos: class_2338{x=0, y=0, z=0} class_2338{x=-3, y=79, z=-8}
[05:20:24] [Server thread/WARN]: Mismatch in destroy block pos: class_2338{x=0, y=0, z=0} class_2338{x=-3, y=79, z=-6}
[05:20:36] [Server thread/INFO]: Banned j	op: Juancho134565
[05:20:49] [Server thread/INFO]: Unknown or incomplete command, see below for error
[05:20:49] [Server thread/INFO]: unban Juancho134565<--[HERE]
[05:22:07] [Server thread/INFO]: Juancho134565 has made the advancement [Monster Hunter]
[05:23:18] [Server thread/INFO]: Juancho134565 lost connection: Disconnected
[05:23:18] [Server thread/INFO]: Juancho134565 left the game
